
RL eps:   0%|          | 0/2000 [00:00<?, ?it/s]
RL eps:   1%|          | 12/2000 [00:00<00:17, 113.77it/s]
RL eps:   1%|1         | 24/2000 [00:00<00:32, 60.48it/s] 
RL eps:   2%|1         | 32/2000 [00:00<00:38, 50.53it/s]
RL eps:   2%|1         | 38/2000 [00:00<00:40, 48.19it/s]
RL eps:   2%|2         | 44/2000 [00:00<00:41, 47.08it/s]
RL eps:   2%|2         | 49/2000 [00:00<00:41, 46.61it/s]
RL eps:   3%|2         | 56/2000 [00:01<00:37, 52.26it/s]
RL eps:   3%|3         | 62/2000 [00:01<00:38, 50.29it/s]
RL eps:   3%|3         | 69/2000 [00:01<00:36, 53.38it/s]
RL eps:   4%|3         | 75/2000 [00:01<00:36, 53.38it/s]
RL eps:   4%|4         | 81/2000 [00:01<00:35, 53.65it/s]
RL eps:   4%|4         | 87/2000 [00:01<00:35, 54.24it/s]
RL eps:   5%|4         | 94/2000 [00:01<00:34, 55.38it/s]
RL eps:   5%|5         | 101/2000 [00:01<00:33, 55.89it/s]
RL eps:   5%|5         | 107/2000 [00:01<00:34, 55.47it/s]
RL eps:   6%|5         | 113/2000 [00:02<00:33, 56.05it/s]
RL eps:   6%|5         | 119/2000 [00:02<00:33, 55.86it/s]
RL eps:   6%|6         | 125/2000 [00:02<00:33, 56.35it/s]
RL eps:   7%|6         | 131/2000 [00:02<00:33, 55.96it/s]
RL eps:   7%|6         | 137/2000 [00:02<00:33, 56.41it/s]
RL eps:   7%|7         | 143/2000 [00:02<00:32, 56.92it/s]
RL eps:   8%|7         | 150/2000 [00:02<00:31, 58.38it/s]
RL eps:   8%|7         | 156/2000 [00:02<00:31, 58.02it/s]
RL eps:   8%|8         | 162/2000 [00:02<00:31, 58.40it/s]
RL eps:   8%|8         | 169/2000 [00:03<00:31, 58.83it/s]
RL eps:   9%|8         | 175/2000 [00:03<00:30, 58.93it/s]
RL eps:   9%|9         | 181/2000 [00:03<00:37, 48.34it/s]
RL eps:   9%|9         | 187/2000 [00:03<00:35, 50.78it/s]
RL eps:  10%|9         | 193/2000 [00:03<00:34, 51.94it/s]
RL eps:  10%|#         | 200/2000 [00:03<00:34, 51.88it/s]
RL eps:  10%|#         | 207/2000 [00:03<00:32, 54.45it/s]
RL eps:  11%|#         | 213/2000 [00:03<00:33, 53.58it/s]
RL eps:  11%|#         | 219/2000 [00:04<00:34, 51.83it/s]
RL eps:  11%|#1        | 225/2000 [00:04<00:33, 52.82it/s]
RL eps:  12%|#1        | 231/2000 [00:04<00:32, 54.72it/s]
RL eps:  12%|#1        | 237/2000 [00:04<00:33, 52.05it/s]
RL eps:  12%|#2        | 243/2000 [00:04<00:33, 51.72it/s]
RL eps:  12%|#2        | 249/2000 [00:04<00:33, 52.14it/s]
RL eps:  13%|#2        | 256/2000 [00:04<00:31, 55.14it/s]
RL eps:  13%|#3        | 262/2000 [00:04<00:31, 55.30it/s]
RL eps:  13%|#3        | 268/2000 [00:04<00:31, 55.24it/s]
RL eps:  14%|#3        | 274/2000 [00:05<00:31, 55.48it/s]
RL eps:  14%|#4        | 280/2000 [00:05<00:31, 55.18it/s]
RL eps:  14%|#4        | 286/2000 [00:05<00:31, 55.25it/s]
RL eps:  15%|#4        | 292/2000 [00:05<00:30, 55.41it/s]
RL eps:  15%|#4        | 298/2000 [00:05<00:30, 55.44it/s]
RL eps:  15%|#5        | 304/2000 [00:05<00:30, 56.10it/s]
RL eps:  16%|#5        | 310/2000 [00:05<00:30, 55.95it/s]
RL eps:  16%|#5        | 317/2000 [00:05<00:29, 57.01it/s]
RL eps:  16%|#6        | 323/2000 [00:05<00:29, 56.01it/s]
RL eps:  16%|#6        | 330/2000 [00:06<00:28, 59.26it/s]
RL eps:  17%|#6        | 336/2000 [00:06<00:29, 56.12it/s]
RL eps:  17%|#7        | 342/2000 [00:06<00:29, 55.51it/s]
RL eps:  17%|#7        | 348/2000 [00:06<00:29, 55.61it/s]
RL eps:  18%|#7        | 354/2000 [00:06<00:29, 55.37it/s]
RL eps:  18%|#8        | 360/2000 [00:06<00:30, 54.18it/s]
RL eps:  18%|#8        | 366/2000 [00:06<00:29, 54.92it/s]
RL eps:  19%|#8        | 372/2000 [00:06<00:29, 55.79it/s]
RL eps:  19%|#8        | 378/2000 [00:06<00:28, 56.56it/s]
RL eps:  19%|#9        | 384/2000 [00:07<00:29, 55.43it/s]
RL eps:  20%|#9        | 391/2000 [00:07<00:28, 55.49it/s]
RL eps:  20%|#9        | 397/2000 [00:07<00:28, 56.72it/s]
RL eps:  20%|##        | 403/2000 [00:07<00:27, 57.61it/s]
RL eps:  20%|##        | 410/2000 [00:07<00:26, 58.94it/s]
RL eps:  21%|##        | 416/2000 [00:07<00:27, 58.11it/s]
RL eps:  21%|##1       | 422/2000 [00:07<00:29, 53.73it/s]
RL eps:  21%|##1       | 428/2000 [00:07<00:30, 52.11it/s]
RL eps:  22%|##1       | 434/2000 [00:07<00:29, 53.04it/s]
RL eps:  22%|##2       | 440/2000 [00:08<00:29, 52.86it/s]
RL eps:  22%|##2       | 447/2000 [00:08<00:28, 55.22it/s]
RL eps:  23%|##2       | 453/2000 [00:08<00:27, 56.23it/s]
RL eps:  23%|##2       | 459/2000 [00:08<00:28, 54.70it/s]
RL eps:  23%|##3       | 465/2000 [00:08<00:28, 54.41it/s]
RL eps:  24%|##3       | 471/2000 [00:08<00:27, 54.64it/s]
RL eps:  24%|##3       | 477/2000 [00:08<00:27, 55.19it/s]
RL eps:  24%|##4       | 483/2000 [00:08<00:27, 55.29it/s]
RL eps:  24%|##4       | 489/2000 [00:08<00:26, 56.34it/s]
RL eps:  25%|##4       | 495/2000 [00:09<00:28, 53.19it/s]
RL eps:  25%|##5       | 502/2000 [00:09<00:27, 55.17it/s]
RL eps:  25%|##5       | 508/2000 [00:09<00:26, 55.32it/s]
RL eps:  26%|##5       | 514/2000 [00:09<00:26, 56.51it/s]
RL eps:  26%|##6       | 520/2000 [00:09<00:25, 57.15it/s]
RL eps:  26%|##6       | 526/2000 [00:09<00:26, 55.96it/s]
RL eps:  27%|##6       | 532/2000 [00:09<00:26, 54.79it/s]
RL eps:  27%|##6       | 538/2000 [00:09<00:27, 52.78it/s]
RL eps:  27%|##7       | 544/2000 [00:09<00:27, 52.42it/s]
RL eps:  28%|##7       | 550/2000 [00:10<00:27, 53.18it/s]
RL eps:  28%|##7       | 556/2000 [00:10<00:27, 51.80it/s]
RL eps:  28%|##8       | 562/2000 [00:10<00:27, 53.16it/s]
RL eps:  28%|##8       | 568/2000 [00:10<00:27, 51.57it/s]
RL eps:  29%|##8       | 574/2000 [00:10<00:27, 52.57it/s]
RL eps:  29%|##9       | 580/2000 [00:10<00:26, 54.21it/s]
RL eps:  29%|##9       | 586/2000 [00:10<00:28, 49.63it/s]
RL eps:  30%|##9       | 593/2000 [00:10<00:25, 54.26it/s]
RL eps:  30%|##9       | 599/2000 [00:10<00:27, 50.71it/s]
RL eps:  30%|###       | 605/2000 [00:11<00:28, 48.81it/s]
RL eps:  31%|###       | 611/2000 [00:11<00:27, 50.95it/s]
RL eps:  31%|###       | 617/2000 [00:11<00:26, 51.90it/s]
RL eps:  31%|###1      | 624/2000 [00:11<00:25, 54.35it/s]
RL eps:  32%|###1      | 630/2000 [00:11<00:25, 53.92it/s]
RL eps:  32%|###1      | 636/2000 [00:11<00:25, 53.23it/s]
RL eps:  32%|###2      | 642/2000 [00:11<00:24, 55.01it/s]
RL eps:  32%|###2      | 648/2000 [00:11<00:24, 56.15it/s]
RL eps:  33%|###2      | 655/2000 [00:12<00:22, 58.87it/s]
RL eps:  33%|###3      | 661/2000 [00:12<00:23, 56.07it/s]
RL eps:  33%|###3      | 668/2000 [00:12<00:23, 56.63it/s]
RL eps:  34%|###3      | 674/2000 [00:12<00:23, 56.06it/s]
RL eps:  34%|###4      | 680/2000 [00:12<00:23, 56.26it/s]
RL eps:  34%|###4      | 686/2000 [00:12<00:23, 56.90it/s]
RL eps:  35%|###4      | 692/2000 [00:12<00:23, 56.85it/s]
RL eps:  35%|###4      | 698/2000 [00:12<00:23, 55.39it/s]
RL eps:  35%|###5      | 705/2000 [00:12<00:23, 56.24it/s]
RL eps:  36%|###5      | 711/2000 [00:13<00:23, 55.31it/s]
RL eps:  36%|###5      | 718/2000 [00:13<00:22, 56.90it/s]
RL eps:  36%|###6      | 724/2000 [00:13<00:22, 56.90it/s]
RL eps:  36%|###6      | 730/2000 [00:13<00:22, 55.63it/s]
RL eps:  37%|###6      | 737/2000 [00:13<00:22, 56.31it/s]
RL eps:  37%|###7      | 743/2000 [00:13<00:22, 56.09it/s]
RL eps:  38%|###7      | 750/2000 [00:13<00:22, 56.73it/s]
RL eps:  38%|###7      | 757/2000 [00:13<00:21, 57.88it/s]
RL eps:  38%|###8      | 763/2000 [00:13<00:21, 58.24it/s]
RL eps:  38%|###8      | 770/2000 [00:14<00:21, 58.05it/s]
RL eps:  39%|###8      | 777/2000 [00:14<00:20, 59.36it/s]
RL eps:  39%|###9      | 783/2000 [00:14<00:21, 57.12it/s]
RL eps:  39%|###9      | 789/2000 [00:14<00:21, 57.27it/s]
RL eps:  40%|###9      | 796/2000 [00:14<00:20, 58.79it/s]
RL eps:  40%|####      | 802/2000 [00:14<00:21, 56.24it/s]
RL eps:  40%|####      | 808/2000 [00:14<00:21, 55.03it/s]
RL eps:  41%|####      | 814/2000 [00:14<00:21, 56.18it/s]
RL eps:  41%|####1     | 820/2000 [00:14<00:21, 55.20it/s]
RL eps:  41%|####1     | 826/2000 [00:15<00:21, 54.30it/s]
RL eps:  42%|####1     | 832/2000 [00:15<00:21, 55.15it/s]
RL eps:  42%|####1     | 839/2000 [00:15<00:20, 57.11it/s]
RL eps:  42%|####2     | 845/2000 [00:15<00:20, 57.08it/s]
RL eps:  43%|####2     | 851/2000 [00:15<00:20, 56.64it/s]
RL eps:  43%|####2     | 857/2000 [00:15<00:19, 57.19it/s]
RL eps:  43%|####3     | 863/2000 [00:15<00:19, 57.68it/s]
RL eps:  44%|####3     | 870/2000 [00:15<00:19, 57.02it/s]
RL eps:  44%|####3     | 877/2000 [00:15<00:19, 58.47it/s]
RL eps:  44%|####4     | 883/2000 [00:16<00:19, 57.59it/s]
RL eps:  44%|####4     | 890/2000 [00:16<00:18, 59.17it/s]
RL eps:  45%|####4     | 896/2000 [00:16<00:19, 57.29it/s]
RL eps:  45%|####5     | 902/2000 [00:16<00:19, 57.70it/s]
RL eps:  45%|####5     | 909/2000 [00:16<00:18, 59.33it/s]
RL eps:  46%|####5     | 915/2000 [00:16<00:18, 58.87it/s]
RL eps:  46%|####6     | 921/2000 [00:16<00:19, 56.59it/s]
RL eps:  46%|####6     | 927/2000 [00:16<00:19, 55.56it/s]
RL eps:  47%|####6     | 934/2000 [00:16<00:18, 56.31it/s]
RL eps:  47%|####7     | 941/2000 [00:17<00:18, 56.06it/s]
RL eps:  47%|####7     | 948/2000 [00:17<00:18, 56.61it/s]
RL eps:  48%|####7     | 954/2000 [00:17<00:18, 57.05it/s]
RL eps:  48%|####8     | 960/2000 [00:17<00:18, 57.03it/s]
RL eps:  48%|####8     | 966/2000 [00:17<00:19, 52.94it/s]
RL eps:  49%|####8     | 972/2000 [00:17<00:18, 54.38it/s]
RL eps:  49%|####8     | 979/2000 [00:17<00:18, 54.93it/s]
RL eps:  49%|####9     | 985/2000 [00:17<00:18, 54.72it/s]
RL eps:  50%|####9     | 991/2000 [00:17<00:18, 54.22it/s]
RL eps:  50%|####9     | 997/2000 [00:18<00:18, 53.14it/s]
RL eps:  50%|#####     | 1003/2000 [00:18<00:18, 52.76it/s]
RL eps:  50%|#####     | 1009/2000 [00:18<00:18, 53.72it/s]
RL eps:  51%|#####     | 1015/2000 [00:18<00:17, 54.78it/s]
RL eps:  51%|#####1    | 1021/2000 [00:18<00:17, 54.65it/s]
RL eps:  51%|#####1    | 1027/2000 [00:18<00:17, 54.74it/s]
RL eps:  52%|#####1    | 1033/2000 [00:18<00:17, 55.55it/s]
RL eps:  52%|#####2    | 1040/2000 [00:18<00:17, 56.43it/s]
RL eps:  52%|#####2    | 1046/2000 [00:18<00:16, 56.67it/s]
RL eps:  53%|#####2    | 1052/2000 [00:19<00:16, 56.05it/s]
RL eps:  53%|#####2    | 1058/2000 [00:19<00:17, 54.36it/s]
RL eps:  53%|#####3    | 1064/2000 [00:19<00:16, 55.76it/s]
RL eps:  54%|#####3    | 1070/2000 [00:19<00:16, 56.67it/s]
RL eps:  54%|#####3    | 1076/2000 [00:19<00:16, 56.11it/s]
RL eps:  54%|#####4    | 1082/2000 [00:19<00:16, 55.53it/s]
RL eps:  54%|#####4    | 1088/2000 [00:19<00:16, 55.49it/s]
RL eps:  55%|#####4    | 1094/2000 [00:19<00:16, 56.20it/s]
RL eps:  55%|#####5    | 1100/2000 [00:19<00:16, 56.17it/s]
RL eps:  55%|#####5    | 1106/2000 [00:20<00:17, 52.40it/s]
RL eps:  56%|#####5    | 1112/2000 [00:20<00:16, 53.98it/s]
RL eps:  56%|#####5    | 1119/2000 [00:20<00:15, 56.63it/s]
RL eps:  56%|#####6    | 1125/2000 [00:20<00:15, 56.70it/s]
RL eps:  57%|#####6    | 1131/2000 [00:20<00:15, 56.10it/s]
RL eps:  57%|#####6    | 1137/2000 [00:20<00:15, 55.73it/s]
RL eps:  57%|#####7    | 1143/2000 [00:20<00:15, 55.97it/s]
RL eps:  57%|#####7    | 1149/2000 [00:20<00:14, 56.98it/s]
RL eps:  58%|#####7    | 1156/2000 [00:20<00:14, 57.94it/s]
RL eps:  58%|#####8    | 1162/2000 [00:21<00:14, 58.46it/s]
RL eps:  58%|#####8    | 1168/2000 [00:21<00:14, 57.04it/s]
RL eps:  59%|#####8    | 1175/2000 [00:21<00:14, 58.58it/s]
RL eps:  59%|#####9    | 1181/2000 [00:21<00:14, 57.73it/s]
RL eps:  59%|#####9    | 1188/2000 [00:21<00:14, 57.90it/s]
RL eps:  60%|#####9    | 1194/2000 [00:21<00:14, 57.14it/s]
RL eps:  60%|######    | 1200/2000 [00:21<00:13, 57.43it/s]
RL eps:  60%|######    | 1206/2000 [00:21<00:14, 56.31it/s]
RL eps:  61%|######    | 1212/2000 [00:21<00:14, 56.16it/s]
RL eps:  61%|######    | 1218/2000 [00:22<00:14, 55.34it/s]
RL eps:  61%|######1   | 1224/2000 [00:22<00:13, 55.90it/s]
RL eps:  62%|######1   | 1230/2000 [00:22<00:14, 54.44it/s]
RL eps:  62%|######1   | 1237/2000 [00:22<00:13, 56.03it/s]
RL eps:  62%|######2   | 1243/2000 [00:22<00:13, 55.97it/s]
RL eps:  62%|######2   | 1249/2000 [00:22<00:13, 54.76it/s]
RL eps:  63%|######2   | 1255/2000 [00:22<00:13, 56.10it/s]
RL eps:  63%|######3   | 1261/2000 [00:22<00:13, 54.48it/s]
RL eps:  63%|######3   | 1267/2000 [00:22<00:13, 55.82it/s]
RL eps:  64%|######3   | 1274/2000 [00:23<00:12, 56.78it/s]
RL eps:  64%|######4   | 1280/2000 [00:23<00:12, 57.07it/s]
RL eps:  64%|######4   | 1286/2000 [00:23<00:12, 56.51it/s]
RL eps:  65%|######4   | 1293/2000 [00:23<00:12, 57.63it/s]
RL eps:  65%|######5   | 1300/2000 [00:23<00:11, 58.36it/s]
RL eps:  65%|######5   | 1306/2000 [00:23<00:12, 56.53it/s]
RL eps:  66%|######5   | 1312/2000 [00:23<00:11, 57.45it/s]
RL eps:  66%|######5   | 1318/2000 [00:23<00:12, 56.54it/s]
RL eps:  66%|######6   | 1324/2000 [00:23<00:12, 56.17it/s]
RL eps:  66%|######6   | 1330/2000 [00:23<00:11, 57.22it/s]
RL eps:  67%|######6   | 1336/2000 [00:24<00:11, 55.42it/s]
RL eps:  67%|######7   | 1342/2000 [00:24<00:12, 53.03it/s]
RL eps:  67%|######7   | 1348/2000 [00:24<00:12, 53.54it/s]
RL eps:  68%|######7   | 1354/2000 [00:24<00:11, 55.21it/s]
RL eps:  68%|######8   | 1360/2000 [00:24<00:11, 55.26it/s]
RL eps:  68%|######8   | 1366/2000 [00:24<00:11, 56.38it/s]
RL eps:  69%|######8   | 1372/2000 [00:24<00:11, 56.96it/s]
RL eps:  69%|######8   | 1378/2000 [00:24<00:10, 56.60it/s]
RL eps:  69%|######9   | 1384/2000 [00:24<00:11, 55.90it/s]
RL eps:  70%|######9   | 1390/2000 [00:25<00:11, 55.23it/s]
RL eps:  70%|######9   | 1396/2000 [00:25<00:10, 55.65it/s]
RL eps:  70%|#######   | 1402/2000 [00:25<00:11, 54.18it/s]
RL eps:  70%|#######   | 1408/2000 [00:25<00:10, 54.09it/s]
RL eps:  71%|#######   | 1414/2000 [00:25<00:10, 53.32it/s]
RL eps:  71%|#######1  | 1420/2000 [00:25<00:10, 52.78it/s]
RL eps:  71%|#######1  | 1426/2000 [00:25<00:10, 52.96it/s]
RL eps:  72%|#######1  | 1432/2000 [00:25<00:11, 51.51it/s]
RL eps:  72%|#######1  | 1438/2000 [00:25<00:10, 52.84it/s]
RL eps:  72%|#######2  | 1444/2000 [00:26<00:10, 54.25it/s]
RL eps:  72%|#######2  | 1450/2000 [00:26<00:10, 54.54it/s]
RL eps:  73%|#######2  | 1457/2000 [00:26<00:09, 56.21it/s]
RL eps:  73%|#######3  | 1463/2000 [00:26<00:09, 56.36it/s]
RL eps:  73%|#######3  | 1469/2000 [00:26<00:09, 54.46it/s]
RL eps:  74%|#######3  | 1475/2000 [00:26<00:09, 55.69it/s]
RL eps:  74%|#######4  | 1481/2000 [00:26<00:09, 56.86it/s]
RL eps:  74%|#######4  | 1487/2000 [00:26<00:09, 56.55it/s]
RL eps:  75%|#######4  | 1494/2000 [00:26<00:08, 57.68it/s]
RL eps:  75%|#######5  | 1500/2000 [00:27<00:08, 58.08it/s]
RL eps:  75%|#######5  | 1506/2000 [00:27<00:08, 56.57it/s]
RL eps:  76%|#######5  | 1513/2000 [00:27<00:08, 58.39it/s]
RL eps:  76%|#######5  | 1519/2000 [00:27<00:08, 57.93it/s]
RL eps:  76%|#######6  | 1525/2000 [00:27<00:08, 57.32it/s]
RL eps:  77%|#######6  | 1531/2000 [00:27<00:08, 54.25it/s]
RL eps:  77%|#######6  | 1537/2000 [00:27<00:08, 52.60it/s]
RL eps:  77%|#######7  | 1543/2000 [00:27<00:08, 51.89it/s]
RL eps:  77%|#######7  | 1549/2000 [00:28<00:08, 51.63it/s]
RL eps:  78%|#######7  | 1555/2000 [00:28<00:08, 52.66it/s]
RL eps:  78%|#######8  | 1561/2000 [00:28<00:08, 50.58it/s]
RL eps:  78%|#######8  | 1567/2000 [00:28<00:08, 51.27it/s]
RL eps:  79%|#######8  | 1573/2000 [00:28<00:08, 52.50it/s]
RL eps:  79%|#######8  | 1579/2000 [00:28<00:07, 53.30it/s]
RL eps:  79%|#######9  | 1585/2000 [00:28<00:07, 53.39it/s]
RL eps:  80%|#######9  | 1591/2000 [00:28<00:07, 53.50it/s]
RL eps:  80%|#######9  | 1597/2000 [00:28<00:07, 53.57it/s]
RL eps:  80%|########  | 1603/2000 [00:29<00:07, 51.61it/s]
RL eps:  80%|########  | 1609/2000 [00:29<00:07, 52.57it/s]
RL eps:  81%|########  | 1615/2000 [00:29<00:08, 47.66it/s]
RL eps:  81%|########1 | 1621/2000 [00:29<00:07, 50.29it/s]
RL eps:  81%|########1 | 1627/2000 [00:29<00:07, 51.82it/s]
RL eps:  82%|########1 | 1633/2000 [00:29<00:07, 51.60it/s]
RL eps:  82%|########1 | 1639/2000 [00:29<00:06, 53.01it/s]
RL eps:  82%|########2 | 1645/2000 [00:29<00:06, 53.17it/s]
RL eps:  83%|########2 | 1651/2000 [00:29<00:06, 54.93it/s]
RL eps:  83%|########2 | 1657/2000 [00:30<00:06, 54.78it/s]
RL eps:  83%|########3 | 1663/2000 [00:30<00:06, 55.25it/s]
RL eps:  83%|########3 | 1669/2000 [00:30<00:05, 55.89it/s]
RL eps:  84%|########3 | 1675/2000 [00:30<00:05, 55.86it/s]
RL eps:  84%|########4 | 1681/2000 [00:30<00:05, 56.03it/s]
RL eps:  84%|########4 | 1687/2000 [00:30<00:05, 55.27it/s]
RL eps:  85%|########4 | 1693/2000 [00:30<00:05, 55.99it/s]
RL eps:  85%|########4 | 1699/2000 [00:30<00:05, 56.37it/s]
RL eps:  85%|########5 | 1705/2000 [00:30<00:05, 56.60it/s]
RL eps:  86%|########5 | 1711/2000 [00:31<00:05, 55.82it/s]
RL eps:  86%|########5 | 1717/2000 [00:31<00:04, 56.95it/s]
RL eps:  86%|########6 | 1723/2000 [00:31<00:04, 56.00it/s]
RL eps:  86%|########6 | 1729/2000 [00:31<00:04, 56.33it/s]
RL eps:  87%|########6 | 1735/2000 [00:31<00:04, 56.50it/s]
RL eps:  87%|########7 | 1741/2000 [00:31<00:04, 57.13it/s]
RL eps:  87%|########7 | 1747/2000 [00:31<00:04, 56.98it/s]
RL eps:  88%|########7 | 1753/2000 [00:31<00:04, 57.14it/s]
RL eps:  88%|########7 | 1759/2000 [00:31<00:04, 56.79it/s]
RL eps:  88%|########8 | 1765/2000 [00:31<00:04, 56.24it/s]
RL eps:  89%|########8 | 1771/2000 [00:32<00:04, 56.34it/s]
RL eps:  89%|########8 | 1777/2000 [00:32<00:04, 55.49it/s]
RL eps:  89%|########9 | 1783/2000 [00:32<00:03, 55.69it/s]
RL eps:  89%|########9 | 1789/2000 [00:32<00:03, 55.98it/s]
RL eps:  90%|########9 | 1795/2000 [00:32<00:03, 55.56it/s]
RL eps:  90%|######### | 1801/2000 [00:32<00:03, 54.58it/s]
RL eps:  90%|######### | 1807/2000 [00:32<00:03, 53.28it/s]
RL eps:  91%|######### | 1813/2000 [00:32<00:03, 54.69it/s]
RL eps:  91%|######### | 1819/2000 [00:32<00:03, 53.97it/s]
RL eps:  91%|#########1| 1825/2000 [00:33<00:03, 53.63it/s]
RL eps:  92%|#########1| 1832/2000 [00:33<00:03, 55.66it/s]
RL eps:  92%|#########1| 1838/2000 [00:33<00:02, 55.53it/s]
RL eps:  92%|#########2| 1844/2000 [00:33<00:02, 55.53it/s]
RL eps:  92%|#########2| 1850/2000 [00:33<00:02, 56.70it/s]
RL eps:  93%|#########2| 1856/2000 [00:33<00:02, 55.78it/s]
RL eps:  93%|#########3| 1862/2000 [00:33<00:02, 56.19it/s]
RL eps:  93%|#########3| 1868/2000 [00:33<00:02, 56.02it/s]
RL eps:  94%|#########3| 1874/2000 [00:33<00:02, 53.98it/s]
RL eps:  94%|#########3| 1880/2000 [00:34<00:02, 51.53it/s]
RL eps:  94%|#########4| 1886/2000 [00:34<00:02, 52.64it/s]
RL eps:  95%|#########4| 1892/2000 [00:34<00:01, 54.54it/s]
RL eps:  95%|#########4| 1898/2000 [00:34<00:01, 56.06it/s]
RL eps:  95%|#########5| 1905/2000 [00:34<00:01, 56.68it/s]
RL eps:  96%|#########5| 1911/2000 [00:34<00:01, 55.66it/s]
RL eps:  96%|#########5| 1917/2000 [00:34<00:01, 56.57it/s]
RL eps:  96%|#########6| 1923/2000 [00:34<00:01, 57.18it/s]
RL eps:  96%|#########6| 1929/2000 [00:34<00:01, 56.06it/s]
RL eps:  97%|#########6| 1935/2000 [00:35<00:01, 56.09it/s]
RL eps:  97%|#########7| 1941/2000 [00:35<00:01, 56.83it/s]
RL eps:  97%|#########7| 1947/2000 [00:35<00:00, 55.35it/s]
RL eps:  98%|#########7| 1953/2000 [00:35<00:00, 56.58it/s]
RL eps:  98%|#########7| 1959/2000 [00:35<00:00, 57.42it/s]
RL eps:  98%|#########8| 1965/2000 [00:35<00:00, 54.23it/s]
RL eps:  99%|#########8| 1971/2000 [00:35<00:00, 55.83it/s]
RL eps:  99%|#########8| 1977/2000 [00:35<00:00, 55.41it/s]
RL eps:  99%|#########9| 1983/2000 [00:35<00:00, 55.71it/s]
RL eps:  99%|#########9| 1989/2000 [00:36<00:00, 55.62it/s]
RL eps: 100%|#########9| 1995/2000 [00:36<00:00, 55.55it/s]
RL eps: 100%|##########| 2000/2000 [00:36<00:00, 55.24it/s]
Ep   200  score=  0.00  best= -1.00  eps=0.6334
Ep   400  score=  0.00  best=  0.00  eps=0.5731
Ep   600  score=  1.20  best=  0.00  eps=0.5185
Ep   800  score=  1.20  best=  1.20  eps=0.4692
Ep  1000  score=  4.00  best=  1.20  eps=0.4245
Ep  1200  score=  4.00  best=  4.00  eps=0.3841
Ep  1400  score=  4.00  best=  4.00  eps=0.3475
Ep  1600  score=  4.60  best=  4.00  eps=0.3145
Ep  1800  score=  4.20  best=  4.60  eps=0.2845
Ep  2000  score=  3.40  best=  4.60  eps=0.2575
Training complete. Best saved to: models\rl_best.npz
